0 info it worked if it ends with ok
1 verbose cli [ '/usr/bin/node', '/usr/bin/npm', 'install', 'nodemon' ]
2 info using npm@1.3.11
3 info using node@v0.10.21
4 verbose node symlink /usr/bin/node
5 verbose readDependencies using package.json deps
6 verbose cache add [ 'nodemon', null ]
7 verbose cache add name=undefined spec="nodemon" args=["nodemon",null]
8 verbose parsed url { protocol: null,
8 verbose parsed url   slashes: null,
8 verbose parsed url   auth: null,
8 verbose parsed url   host: null,
8 verbose parsed url   port: null,
8 verbose parsed url   hostname: null,
8 verbose parsed url   hash: null,
8 verbose parsed url   search: null,
8 verbose parsed url   query: null,
8 verbose parsed url   pathname: 'nodemon',
8 verbose parsed url   path: 'nodemon',
8 verbose parsed url   href: 'nodemon' }
9 silly lockFile 1625b929-nodemon nodemon
10 verbose lock nodemon /home/kratos/.npm/1625b929-nodemon.lock
11 silly lockFile 1625b929-nodemon nodemon
12 verbose addNamed [ 'nodemon', '' ]
13 verbose addNamed [ null, '*' ]
14 silly lockFile 4f5e51c6-nodemon nodemon@
15 verbose lock nodemon@ /home/kratos/.npm/4f5e51c6-nodemon.lock
16 silly lockFile 4f5e51c6-nodemon nodemon@
17 error Error: EACCES, open '/home/kratos/.npm/4f5e51c6-nodemon.lock'
17 error  { [Error: EACCES, open '/home/kratos/.npm/4f5e51c6-nodemon.lock']
17 error   errno: 3,
17 error   code: 'EACCES',
17 error   path: '/home/kratos/.npm/4f5e51c6-nodemon.lock' }
18 error Please try running this command again as root/Administrator.
19 error System Linux 3.2.0-56-generic
20 error command "/usr/bin/node" "/usr/bin/npm" "install" "nodemon"
21 error cwd /var/www/prueba/my-app/app_chat_prueba
22 error node -v v0.10.21
23 error npm -v 1.3.11
24 error path /home/kratos/.npm/4f5e51c6-nodemon.lock
25 error code EACCES
26 error errno 3
27 error stack Error: EACCES, open '/home/kratos/.npm/4f5e51c6-nodemon.lock'
28 verbose exit [ 3, true ]
